
Counting
./sample/BO_cvc42/x2020_08_03_17_06_27_504_5933684.alethe: 4
./sample/BO_cvc42/x2020_08_03_17_06_27_504_5933684.Calethe: 4
./sample/BO_cvc42/x2020_08_03_17_06_27_504_5933684.alethe - Line difference: 0

Counting
./sample/BO_cvc42/x2020_08_03_15_24_39_113_6508168.alethe: 71
./sample/BO_cvc42/x2020_08_03_15_24_39_113_6508168.Calethe: 71
./sample/BO_cvc42/x2020_08_03_15_24_39_113_6508168.alethe - Line difference: 0

Counting
./sample/BO_cvc42/x2020_08_03_16_40_35_239_4899098.alethe: 45
./sample/BO_cvc42/x2020_08_03_16_40_35_239_4899098.Calethe: 45
./sample/BO_cvc42/x2020_08_03_16_40_35_239_4899098.alethe - Line difference: 0

Counting
./sample/BO_cvc42/x2020_08_03_16_57_01_689_5568586.alethe: 45
./sample/BO_cvc42/x2020_08_03_16_57_01_689_5568586.Calethe: 45
./sample/BO_cvc42/x2020_08_03_16_57_01_689_5568586.alethe - Line difference: 0

Counting
./sample/BO_cvc42/x2020_08_03_16_00_26_055_7846716.alethe: 29
./sample/BO_cvc42/x2020_08_03_16_00_26_055_7846716.Calethe: 29
./sample/BO_cvc42/x2020_08_03_16_00_26_055_7846716.alethe - Line difference: 0

Counting
./sample/BO_cvc42/x2020_08_03_16_42_01_808_4961238.alethe: 10
./sample/BO_cvc42/x2020_08_03_16_42_01_808_4961238.Calethe: 10
./sample/BO_cvc42/x2020_08_03_16_42_01_808_4961238.alethe - Line difference: 0

Counting
./sample/BO_cvc42/x2020_08_03_17_15_18_697_6265250.alethe: 19
./sample/BO_cvc42/x2020_08_03_17_15_18_697_6265250.Calethe: 19
./sample/BO_cvc42/x2020_08_03_17_15_18_697_6265250.alethe - Line difference: 0

Counting
./sample/BO_cvc42/x2020_08_03_17_13_04_340_6190010.alethe: 73
./sample/BO_cvc42/x2020_08_03_17_13_04_340_6190010.Calethe: 71
./sample/BO_cvc42/x2020_08_03_17_13_04_340_6190010.alethe - Line difference: 2

Counting
./sample/BO_cvc42/x2020_08_03_16_51_55_014_5369464.alethe: 22
./sample/BO_cvc42/x2020_08_03_16_51_55_014_5369464.Calethe: 22
./sample/BO_cvc42/x2020_08_03_16_51_55_014_5369464.alethe - Line difference: 0

Counting
./sample/BO_cvc42/x2020_08_03_14_45_55_375_4816838.alethe: 27
./sample/BO_cvc42/x2020_08_03_14_45_55_375_4816838.Calethe: 27
./sample/BO_cvc42/x2020_08_03_14_45_55_375_4816838.alethe - Line difference: 0
Failed on checking the original proof ./sample/BO_cvc42/x2020_08_03_15_17_52_065_6150386.alethe

Counting
./sample/BO_cvc42/x2020_08_03_17_14_58_268_6250170.alethe: 65
./sample/BO_cvc42/x2020_08_03_17_14_58_268_6250170.Calethe: 65
./sample/BO_cvc42/x2020_08_03_17_14_58_268_6250170.alethe - Line difference: 0
Failed on checking the original proof ./sample/BO_cvc42/x2020_08_03_16_48_13_816_5195036.alethe

Counting
./sample/BO_cvc42/x2020_08_03_14_22_32_852_4492936.alethe: 186
./sample/BO_cvc42/x2020_08_03_14_22_32_852_4492936.Calethe: 182
./sample/BO_cvc42/x2020_08_03_14_22_32_852_4492936.alethe - Line difference: 4

Counting
./sample/BO_cvc42/x2020_08_03_16_53_45_184_5439784.alethe: 53
./sample/BO_cvc42/x2020_08_03_16_53_45_184_5439784.Calethe: 53
./sample/BO_cvc42/x2020_08_03_16_53_45_184_5439784.alethe - Line difference: 0

Counting
./sample/BO_cvc42/x2020_08_03_16_00_28_189_7851240.alethe: 73
./sample/BO_cvc42/x2020_08_03_16_00_28_189_7851240.Calethe: 71
./sample/BO_cvc42/x2020_08_03_16_00_28_189_7851240.alethe - Line difference: 2

Counting
./sample/BO_cvc42/x2020_08_03_15_24_49_644_6536112.alethe: 22
./sample/BO_cvc42/x2020_08_03_15_24_49_644_6536112.Calethe: 22
./sample/BO_cvc42/x2020_08_03_15_24_49_644_6536112.alethe - Line difference: 0

Counting
./sample/BO_cvc42/x2020_08_03_17_26_08_537_6609610.alethe: 40
./sample/BO_cvc42/x2020_08_03_17_26_08_537_6609610.Calethe: 40
./sample/BO_cvc42/x2020_08_03_17_26_08_537_6609610.alethe - Line difference: 0

Counting
./sample/BO_cvc42/x2020_08_03_16_51_48_838_5354134.alethe: 10
./sample/BO_cvc42/x2020_08_03_16_51_48_838_5354134.Calethe: 10
./sample/BO_cvc42/x2020_08_03_16_51_48_838_5354134.alethe - Line difference: 0

Counting
./sample/BO_cvc42/x2020_08_03_15_12_08_505_5897078.alethe: 26
./sample/BO_cvc42/x2020_08_03_15_12_08_505_5897078.Calethe: 26
./sample/BO_cvc42/x2020_08_03_15_12_08_505_5897078.alethe - Line difference: 0

Counting
./sample/BO_cvc42/x2020_08_03_15_18_40_369_6179618.alethe: 19
./sample/BO_cvc42/x2020_08_03_15_18_40_369_6179618.Calethe: 19
./sample/BO_cvc42/x2020_08_03_15_18_40_369_6179618.alethe - Line difference: 0

Counting
./sample/BO_cvc42/x2020_08_03_17_13_01_671_6185666.alethe: 73
./sample/BO_cvc42/x2020_08_03_17_13_01_671_6185666.Calethe: 71
./sample/BO_cvc42/x2020_08_03_17_13_01_671_6185666.alethe - Line difference: 2

Counting
./sample/BO_cvc42/x2020_08_03_17_17_05_149_6331466.alethe: 47
./sample/BO_cvc42/x2020_08_03_17_17_05_149_6331466.Calethe: 47
./sample/BO_cvc42/x2020_08_03_17_17_05_149_6331466.alethe - Line difference: 0

Counting
./sample/BO_cvc42/x2020_08_03_16_02_21_113_7945560.alethe: 19
./sample/BO_cvc42/x2020_08_03_16_02_21_113_7945560.Calethe: 19
./sample/BO_cvc42/x2020_08_03_16_02_21_113_7945560.alethe - Line difference: 0

Counting
./sample/BO_cvc42/x2020_08_03_16_04_38_378_8037416.alethe: 47
./sample/BO_cvc42/x2020_08_03_16_04_38_378_8037416.Calethe: 47
./sample/BO_cvc42/x2020_08_03_16_04_38_378_8037416.alethe - Line difference: 0

Counting
./sample/BO_cvc42/x2020_08_03_16_51_08_268_5321078.alethe: 22
./sample/BO_cvc42/x2020_08_03_16_51_08_268_5321078.Calethe: 22
./sample/BO_cvc42/x2020_08_03_16_51_08_268_5321078.alethe - Line difference: 0

Counting
./sample/BO_cvc42/x2020_08_03_15_39_59_071_7108176.alethe: 20
./sample/BO_cvc42/x2020_08_03_15_39_59_071_7108176.Calethe: 20
./sample/BO_cvc42/x2020_08_03_15_39_59_071_7108176.alethe - Line difference: 0

Counting
./sample/BO_cvc42/x2020_08_03_14_28_49_746_4255172.alethe: 29
./sample/BO_cvc42/x2020_08_03_14_28_49_746_4255172.Calethe: 29
./sample/BO_cvc42/x2020_08_03_14_28_49_746_4255172.alethe - Line difference: 0

Counting
./sample/BO_cvc42/x2020_08_03_15_05_23_096_5606264.alethe: 4
./sample/BO_cvc42/x2020_08_03_15_05_23_096_5606264.Calethe: 4
./sample/BO_cvc42/x2020_08_03_15_05_23_096_5606264.alethe - Line difference: 0

Counting
./sample/BO_cvc42/x2020_08_03_16_50_48_855_5281470.alethe: 10
./sample/BO_cvc42/x2020_08_03_16_50_48_855_5281470.Calethe: 10
./sample/BO_cvc42/x2020_08_03_16_50_48_855_5281470.alethe - Line difference: 0

Counting
./sample/BO_cvc42/x2020_08_03_16_02_06_088_7913944.alethe: 24
./sample/BO_cvc42/x2020_08_03_16_02_06_088_7913944.Calethe: 24
./sample/BO_cvc42/x2020_08_03_16_02_06_088_7913944.alethe - Line difference: 0

Counting
./sample/BO_cvc42/x2020_08_03_16_14_29_293_8425424.alethe: 53
./sample/BO_cvc42/x2020_08_03_16_14_29_293_8425424.Calethe: 52
./sample/BO_cvc42/x2020_08_03_16_14_29_293_8425424.alethe - Line difference: 1

Counting
./sample/BO_cvc42/x2020_08_03_15_23_49_010_6452792.alethe: 22
./sample/BO_cvc42/x2020_08_03_15_23_49_010_6452792.Calethe: 22
./sample/BO_cvc42/x2020_08_03_15_23_49_010_6452792.alethe - Line difference: 0

Counting
./sample/BO_cvc42/x2020_08_03_14_49_50_429_4935194.alethe: 46
./sample/BO_cvc42/x2020_08_03_14_49_50_429_4935194.Calethe: 46
./sample/BO_cvc42/x2020_08_03_14_49_50_429_4935194.alethe - Line difference: 0

Counting
./sample/BO_cvc42/x2020_08_03_17_14_56_291_6244582.alethe: 24
./sample/BO_cvc42/x2020_08_03_17_14_56_291_6244582.Calethe: 24
./sample/BO_cvc42/x2020_08_03_17_14_56_291_6244582.alethe - Line difference: 0

Counting
./sample/BO_cvc42/x2020_08_03_16_33_40_797_4652756.alethe: 58
./sample/BO_cvc42/x2020_08_03_16_33_40_797_4652756.Calethe: 58
./sample/BO_cvc42/x2020_08_03_16_33_40_797_4652756.alethe - Line difference: 0

Counting
./sample/BO_cvc42/x2020_08_03_16_14_36_669_8444084.alethe: 31
./sample/BO_cvc42/x2020_08_03_16_14_36_669_8444084.Calethe: 31
./sample/BO_cvc42/x2020_08_03_16_14_36_669_8444084.alethe - Line difference: 0

Counting
./sample/BO_cvc42/x2020_08_03_17_08_42_034_5998320.alethe: 53
./sample/BO_cvc42/x2020_08_03_17_08_42_034_5998320.Calethe: 53
./sample/BO_cvc42/x2020_08_03_17_08_42_034_5998320.alethe - Line difference: 0

Counting
./sample/BO_cvc42/x2020_08_03_16_00_30_529_7856498.alethe: 73
./sample/BO_cvc42/x2020_08_03_16_00_30_529_7856498.Calethe: 71
./sample/BO_cvc42/x2020_08_03_16_00_30_529_7856498.alethe - Line difference: 2

Counting
./sample/BO_cvc42/x2020_08_03_15_05_57_596_5633298.alethe: 70
./sample/BO_cvc42/x2020_08_03_15_05_57_596_5633298.Calethe: 70
./sample/BO_cvc42/x2020_08_03_15_05_57_596_5633298.alethe - Line difference: 0

Counting
./sample/BO_cvc42/x2020_08_03_17_12_58_132_6181512.alethe: 29
./sample/BO_cvc42/x2020_08_03_17_12_58_132_6181512.Calethe: 29
./sample/BO_cvc42/x2020_08_03_17_12_58_132_6181512.alethe - Line difference: 0

Counting
./sample/BO_cvc42/x2020_08_03_14_47_37_154_4871404.alethe: 40
./sample/BO_cvc42/x2020_08_03_14_47_37_154_4871404.Calethe: 40
./sample/BO_cvc42/x2020_08_03_14_47_37_154_4871404.alethe - Line difference: 0

Counting
./sample/BO_cvc42/x2020_08_03_16_33_43_702_4662652.alethe: 45
./sample/BO_cvc42/x2020_08_03_16_33_43_702_4662652.Calethe: 45
./sample/BO_cvc42/x2020_08_03_16_33_43_702_4662652.alethe - Line difference: 0

Counting
./sample/BO_cvc42/x2020_08_03_15_24_41_942_6515590.alethe: 10
./sample/BO_cvc42/x2020_08_03_15_24_41_942_6515590.Calethe: 10
./sample/BO_cvc42/x2020_08_03_15_24_41_942_6515590.alethe - Line difference: 0

Counting
./sample/BO_cvc42/x2020_08_03_17_15_27_694_6279318.alethe: 16
./sample/BO_cvc42/x2020_08_03_17_15_27_694_6279318.Calethe: 16
./sample/BO_cvc42/x2020_08_03_17_15_27_694_6279318.alethe - Line difference: 0

Counting
./sample/BO_cvc42/x2020_08_03_15_13_43_720_5992710.alethe: 26
./sample/BO_cvc42/x2020_08_03_15_13_43_720_5992710.Calethe: 26
./sample/BO_cvc42/x2020_08_03_15_13_43_720_5992710.alethe - Line difference: 0

Counting
./sample/BO_cvc42/x2020_08_03_14_55_27_658_5124228.alethe: 17
./sample/BO_cvc42/x2020_08_03_14_55_27_658_5124228.Calethe: 17
./sample/BO_cvc42/x2020_08_03_14_55_27_658_5124228.alethe - Line difference: 0

Counting
./sample/BO_cvc42/x2020_08_03_14_28_54_746_4263760.alethe: 42
./sample/BO_cvc42/x2020_08_03_14_28_54_746_4263760.Calethe: 42
./sample/BO_cvc42/x2020_08_03_14_28_54_746_4263760.alethe - Line difference: 0

Counting
./sample/BO_cvc42/x2020_08_03_16_39_19_205_4834162.alethe: 570
./sample/BO_cvc42/x2020_08_03_16_39_19_205_4834162.Calethe: 570
./sample/BO_cvc42/x2020_08_03_16_39_19_205_4834162.alethe - Line difference: 0

Counting
./sample/BO_cvc42/x2020_08_03_16_16_38_774_8513388.alethe: 6
./sample/BO_cvc42/x2020_08_03_16_16_38_774_8513388.Calethe: 6
./sample/BO_cvc42/x2020_08_03_16_16_38_774_8513388.alethe - Line difference: 0

Counting
./sample/BO_cvc42/x2020_08_03_17_08_43_615_6004000.alethe: 40
./sample/BO_cvc42/x2020_08_03_17_08_43_615_6004000.Calethe: 40
./sample/BO_cvc42/x2020_08_03_17_08_43_615_6004000.alethe - Line difference: 0

Counting
./sample/BO_cvc42/x2020_08_03_17_26_28_758_6640234.alethe: 31
./sample/BO_cvc42/x2020_08_03_17_26_28_758_6640234.Calethe: 31
./sample/BO_cvc42/x2020_08_03_17_26_28_758_6640234.alethe - Line difference: 0

Counting
./sample/BO_cvc42/x2020_08_03_15_26_35_976_6619006.alethe: 53
./sample/BO_cvc42/x2020_08_03_15_26_35_976_6619006.Calethe: 53
./sample/BO_cvc42/x2020_08_03_15_26_35_976_6619006.alethe - Line difference: 0

Counting
./sample/BO_cvc42/x2020_08_03_16_51_03_096_5311174.alethe: 26
./sample/BO_cvc42/x2020_08_03_16_51_03_096_5311174.Calethe: 26
./sample/BO_cvc42/x2020_08_03_16_51_03_096_5311174.alethe - Line difference: 0

Counting
./sample/BO_cvc42/x2020_08_03_16_18_34_293_8586564.alethe: 5
./sample/BO_cvc42/x2020_08_03_16_18_34_293_8586564.Calethe: 5
./sample/BO_cvc42/x2020_08_03_16_18_34_293_8586564.alethe - Line difference: 0

Counting
./sample/BO_cvc42/x2020_08_03_16_50_04_968_5248672.alethe: 10
./sample/BO_cvc42/x2020_08_03_16_50_04_968_5248672.Calethe: 10
./sample/BO_cvc42/x2020_08_03_16_50_04_968_5248672.alethe - Line difference: 0

Counting
./sample/BO_cvc42/x2020_08_03_17_29_52_970_6760156.alethe: 5
./sample/BO_cvc42/x2020_08_03_17_29_52_970_6760156.Calethe: 5
./sample/BO_cvc42/x2020_08_03_17_29_52_970_6760156.alethe - Line difference: 0

Counting
./sample/BO_cvc42/x2020_08_03_15_23_19_012_6374366.alethe: 26
./sample/BO_cvc42/x2020_08_03_15_23_19_012_6374366.Calethe: 26
./sample/BO_cvc42/x2020_08_03_15_23_19_012_6374366.alethe - Line difference: 0

Counting
./sample/BO_cvc42/x2020_08_03_16_45_00_623_5089040.alethe: 1003
./sample/BO_cvc42/x2020_08_03_16_45_00_623_5089040.Calethe: 989
./sample/BO_cvc42/x2020_08_03_16_45_00_623_5089040.alethe - Line difference: 14

Counting
./sample/BO_cvc42/x2020_08_03_17_29_51_226_6754636.alethe: 25
./sample/BO_cvc42/x2020_08_03_17_29_51_226_6754636.Calethe: 25
./sample/BO_cvc42/x2020_08_03_17_29_51_226_6754636.alethe - Line difference: 0

Counting
./sample/BO_cvc42/Case7.alethe: 1000
./sample/BO_cvc42/Case7.Calethe: 992
./sample/BO_cvc42/Case7.alethe - Line difference: 8

Counting
./sample/BO_cvc42/x2020_08_03_17_28_29_541_6699812.alethe: 6
./sample/BO_cvc42/x2020_08_03_17_28_29_541_6699812.Calethe: 6
./sample/BO_cvc42/x2020_08_03_17_28_29_541_6699812.alethe - Line difference: 0

Counting
./sample/BO_cvc42/x2020_08_03_14_14_14_603_4265664.alethe: 22
./sample/BO_cvc42/x2020_08_03_14_14_14_603_4265664.Calethe: 22
./sample/BO_cvc42/x2020_08_03_14_14_14_603_4265664.alethe - Line difference: 0

Counting
./sample/BO_cvc42/x2020_08_03_15_23_42_887_6439130.alethe: 26
./sample/BO_cvc42/x2020_08_03_15_23_42_887_6439130.Calethe: 26
./sample/BO_cvc42/x2020_08_03_15_23_42_887_6439130.alethe - Line difference: 0

Counting
./sample/BO_cvc42/x2020_08_03_17_29_49_587_6749256.alethe: 29
./sample/BO_cvc42/x2020_08_03_17_29_49_587_6749256.Calethe: 29
./sample/BO_cvc42/x2020_08_03_17_29_49_587_6749256.alethe - Line difference: 0

Counting
./sample/BO_cvc42/x2020_08_03_15_44_06_680_7246516.alethe: 57
./sample/BO_cvc42/x2020_08_03_15_44_06_680_7246516.Calethe: 57
./sample/BO_cvc42/x2020_08_03_15_44_06_680_7246516.alethe - Line difference: 0

Counting
./sample/BO_cvc42/x2020_08_03_16_25_07_169_4347794.alethe: 90
./sample/BO_cvc42/x2020_08_03_16_25_07_169_4347794.Calethe: 90
./sample/BO_cvc42/x2020_08_03_16_25_07_169_4347794.alethe - Line difference: 0

Counting
./sample/BO_cvc42/x2020_08_03_16_22_12_504_4260424.alethe: 176
./sample/BO_cvc42/x2020_08_03_16_22_12_504_4260424.Calethe: 174
./sample/BO_cvc42/x2020_08_03_16_22_12_504_4260424.alethe - Line difference: 2

Counting
./sample/BO_cvc42/x2020_08_03_15_25_27_758_6575642.alethe: 63
./sample/BO_cvc42/x2020_08_03_15_25_27_758_6575642.Calethe: 59
./sample/BO_cvc42/x2020_08_03_15_25_27_758_6575642.alethe - Line difference: 4

Counting
./sample/BO_cvc42/x2020_08_03_15_56_39_113_7636710.alethe: 41
./sample/BO_cvc42/x2020_08_03_15_56_39_113_7636710.Calethe: 41
./sample/BO_cvc42/x2020_08_03_15_56_39_113_7636710.alethe - Line difference: 0

Counting
./sample/BO_cvc42/x2020_08_03_16_02_07_306_7920744.alethe: 65
./sample/BO_cvc42/x2020_08_03_16_02_07_306_7920744.Calethe: 65
./sample/BO_cvc42/x2020_08_03_16_02_07_306_7920744.alethe - Line difference: 0

Counting
./sample/BO_cvc42/x2020_08_03_14_22_38_082_4502880.alethe: 10
./sample/BO_cvc42/x2020_08_03_14_22_38_082_4502880.Calethe: 10
./sample/BO_cvc42/x2020_08_03_14_22_38_082_4502880.alethe - Line difference: 0

Counting
./sample/BO_cvc42/x2020_08_03_15_27_11_714_6646698.alethe: 25
./sample/BO_cvc42/x2020_08_03_15_27_11_714_6646698.Calethe: 25
./sample/BO_cvc42/x2020_08_03_15_27_11_714_6646698.alethe - Line difference: 0
